[ 20.06.2020 - 23:13:02 ]
    (MSG) [2] in SMILExtract : openSMILE starting!
[ 20.06.2020 - 23:13:02 ]
    (MSG) [2] in SMILExtract : config file is: tools\opensmile-2.3.0\config\gemaps\eGeMAPSv01a.conf
[ 20.06.2020 - 23:13:02 ]
    (MSG) [2] in cComponentManager : successfully registered 95 component types.
[ 20.06.2020 - 23:13:02 ]
    (MSG) [2] in instance 'gemapsv01a_logSpectral' : logSpecFloor = -140.00  (specFloor = 1.000000e-014)
[ 20.06.2020 - 23:13:02 ]
    (MSG) [2] in instance 'egemapsv01a_logSpectral_flux' : logSpecFloor = -140.00  (specFloor = 1.000000e-014)
[ 20.06.2020 - 23:13:02 ]
    (MSG) [2] in instance 'lldsink' : No filename given, disabling this sink component.
[ 20.06.2020 - 23:13:02 ]
    (MSG) [2] in instance 'lldhtksink' : No filename given, disabling this sink component.
[ 20.06.2020 - 23:13:02 ]
    (MSG) [2] in instance 'lldarffsink' : No filename given, disabling this sink component.
[ 20.06.2020 - 23:13:02 ]
    (MSG) [2] in instance 'arffsink' : No filename given, disabling this sink component.
[ 20.06.2020 - 23:13:02 ]
    (MSG) [2] in instance 'htksink' : No filename given, disabling this sink component.
[ 20.06.2020 - 23:13:02 ]
    (ERROR) [1] in cWaveSource : failed to open input file 'datasets\ravdess\features'
